<?xml version="1.0" encoding="UTF-8"?>
<testsuite xmlns:xsi="http://www.w3.org/2001/XMLSchema-instance" xsi:noNamespaceSchemaLocation="https://maven.apache.org/surefire/maven-surefire-plugin/xsd/surefire-test-report.xsd" version="3.0.2" name="com.task.taskflow_api.TaskflowApiApplicationTests" time="12.903" tests="1" errors="0" skipped="0" failures="0" flakes="0">
  <properties>
[...]
</properties>
  <testcase name="contextLoads" classname="com.task.taskflow_api.TaskflowApiApplicationTests" time="0.029">
    <system-out><![CDATA[08:14:05.415 [main] INFO org.springframework.test.context.support.AnnotationConfigContextLoaderUtils -- Could not detect default configuration classes for test class [com.task.taskflow_api.TaskflowApiApplicationTests]: TaskflowApiApplicationTests does not declare any static, non-private, non-final, nested classes annotated with @Configuration.
08:14:05.685 [main] INFO org.springframework.boot.test.context.SpringBootTestContextBootstrapper -- Found @SpringBootConfiguration com.task.taskflow_api.TaskflowApiApplication for test class com.task.taskflow_api.TaskflowApiApplicationTests
08:14:05.910 [main] INFO org.springframework.test.context.support.AnnotationConfigContextLoaderUtils -- Could not detect default configuration classes for test class [com.task.taskflow_api.TaskflowApiApplicationTests]: TaskflowApiApplicationTests does not declare any static, non-private, non-final, nested classes annotated with @Configuration.
08:14:05.913 [main] INFO org.springframework.boot.test.context.SpringBootTestContextBootstrapper -- Found @SpringBootConfiguration com.task.taskflow_api.TaskflowApiApplication for test class com.task.taskflow_api.TaskflowApiApplicationTests
08:14:06.025 [main] INFO org.springframework.boot.devtools.restart.RestartApplicationListener -- Restart disabled due to context in which it is running

  .   ____          _            __ _ _
 /\\ / ___'_ __ _ _(_)_ __  __ _ \ \ \ \
( ( )\___ | '_ | '_| | '_ \/ _` | \ \ \ \
 \\/  ___)| |_)| | | | | || (_| |  ) ) ) )
  '  |____| .__|_| |_|_| |_\__, | / / / /
 =========|_|==============|___/=/_/_/_/

 :: Spring Boot ::                (v4.0.6)

2026-05-15T08:14:06.835+05:30  INFO 4256 --- [taskflow-api] [           main] c.t.t.TaskflowApiApplicationTests        : Starting TaskflowApiApplicationTests using Java 21.0.11 with PID 4256 (started by LENOVO in D:\My projects\Full Stack\taskflow-api\backend)
2026-05-15T08:14:06.843+05:30  INFO 4256 --- [taskflow-api] [           main] c.t.t.TaskflowApiApplicationTests        : No active profile set, falling back to 1 default profile: "default"
2026-05-15T08:14:09.037+05:30  INFO 4256 --- [taskflow-api] [           main] .s.d.r.c.RepositoryConfigurationDelegate : Bootstrapping Spring Data JPA repositories in DEFAULT mode.
2026-05-15T08:14:09.141+05:30  INFO 4256 --- [taskflow-api] [           main] .s.d.r.c.RepositoryConfigurationDelegate : Finished Spring Data repository scanning in 78 ms. Found 2 JPA repository interfaces.
2026-05-15T08:14:10.352+05:30  INFO 4256 --- [taskflow-api] [           main] com.zaxxer.hikari.HikariDataSource       : HikariPool-1 - Starting...
2026-05-15T08:14:10.864+05:30  INFO 4256 --- [taskflow-api] [           main] com.zaxxer.hikari.pool.HikariPool        : HikariPool-1 - Added connection org.postgresql.jdbc.PgConnection@20462820
2026-05-15T08:14:10.869+05:30  INFO 4256 --- [taskflow-api] [           main] com.zaxxer.hikari.HikariDataSource       : HikariPool-1 - Start completed.
2026-05-15T08:14:10.937+05:30  INFO 4256 --- [taskflow-api] [           main] org.flywaydb.core.FlywayExecutor         : Database: jdbc:postgresql://localhost:5432/taskflow_db (PostgreSQL 18.3)
2026-05-15T08:14:11.154+05:30  INFO 4256 --- [taskflow-api] [           main] o.f.core.internal.command.DbValidate     : Successfully validated 2 migrations (execution time 00:00.115s)
2026-05-15T08:14:11.216+05:30  INFO 4256 --- [taskflow-api] [           main] o.f.core.internal.command.DbMigrate      : Current version of schema "public": 2
2026-05-15T08:14:11.232+05:30  INFO 4256 --- [taskflow-api] [           main] o.f.core.internal.command.DbMigrate      : Schema "public" is up to date. No migration necessary.
2026-05-15T08:14:11.417+05:30  INFO 4256 --- [taskflow-api] [           main] org.hibernate.orm.jpa                    : HHH008540: Processing PersistenceUnitInfo [name: default]
2026-05-15T08:14:11.535+05:30  INFO 4256 --- [taskflow-api] [           main] org.hibernate.orm.core                   : HHH000001: Hibernate ORM core version 7.2.12.Final
2026-05-15T08:14:12.203+05:30  INFO 4256 --- [taskflow-api] [           main] o.s.o.j.p.SpringPersistenceUnitInfo      : No LoadTimeWeaver setup: ignoring JPA class transformer
2026-05-15T08:14:12.462+05:30  INFO 4256 --- [taskflow-api] [           main] org.hibernate.orm.connections.pooling    : HHH10001005: Database info:
	Database JDBC URL [jdbc:postgresql://localhost:5432/taskflow_db]
	Database driver: PostgreSQL JDBC Driver
	Database dialect: PostgreSQLDialect
	Database version: 18.3
	Default catalog/schema: taskflow_db/public
	Autocommit mode: undefined/unknown
	Isolation level: READ_COMMITTED [default READ_COMMITTED]
	JDBC fetch size: none
	Pool: DataSourceConnectionProvider
	Minimum pool size: undefined/unknown
	Maximum pool size: undefined/unknown
2026-05-15T08:14:14.613+05:30  INFO 4256 --- [taskflow-api] [           main] org.hibernate.orm.core                   : HHH000489: No JTA platform available (set 'hibernate.transaction.jta.platform' to enable JTA platform integration)
2026-05-15T08:14:14.813+05:30  INFO 4256 --- [taskflow-api] [           main] j.LocalContainerEntityManagerFactoryBean : Initialized JPA EntityManagerFactory for persistence unit 'default'
2026-05-15T08:14:15.036+05:30  INFO 4256 --- [taskflow-api] [           main] o.s.d.j.r.query.QueryEnhancerFactories   : Hibernate is in classpath; If applicable, HQL parser will be used.
2026-05-15T08:14:15.500+05:30  INFO 4256 --- [taskflow-api] [           main] r$InitializeUserDetailsManagerConfigurer : Global AuthenticationManager configured with UserDetailsService bean with name customUserDetailsService
2026-05-15T08:14:15.900+05:30  WARN 4256 --- [taskflow-api] [           main] JpaBaseConfiguration$JpaWebConfiguration : spring.jpa.open-in-view is enabled by default. Therefore, database queries may be performed during view rendering. Explicitly configure spring.jpa.open-in-view to disable this warning
2026-05-15T08:14:17.488+05:30  INFO 4256 --- [taskflow-api] [           main] o.s.b.a.e.web.EndpointLinksResolver      : Exposing 1 endpoint beneath base path '/actuator'
2026-05-15T08:14:17.597+05:30  INFO 4256 --- [taskflow-api] [           main] c.t.t.TaskflowApiApplicationTests        : Started TaskflowApiApplicationTests in 11.584 seconds (process running for 17.523)
]]></system-out>
  </testcase>
</testsuite>